# JRE version: Java(TM) SE Runtime Environment (18.0.2.1+1) (build 18.0.2.1+1-1)
# Java VM: Java HotSpot(TM) 64-Bit Server VM (18.0.2.1+1-1, mixed mode, sharing, tiered, compressed oops, compressed class ptrs, g1 gc, windows-amd64)
GC Precious Log:
 CardTable entry size: 512
 Card Set container configuration: InlinePtr #cards 5 size 8 Array Of Cards #cards 12 size 40 Howl #buckets 4 coarsen threshold 1843 Howl Bitmap #cards 512 size 80 coarsen threshold 460 Card regions per heap region 1 cards per card region 2048
 CPUs: 16 total, 16 available
 Memory: 7549M
 Large Page Support: Disabled
 NUMA Support: Disabled
 Compressed Oops: Enabled (32-bit)
 Heap Region Size: 1M
 Heap Min Capacity: 8M
 Heap Initial Capacity: 118M
 Heap Max Capacity: 1888M
 Pre-touch: Disabled
 Parallel Workers: 13
 Concurrent Workers: 3
 Concurrent Refinement Workers: 13
 Periodic GC: Disabled
Heap:
 garbage-first heap   total 120832K, used 93339K [0x000000008a000000, 0x0000000100000000)
  region size 1024K, 1 young (1024K), 1 survivors (1024K)
 Metaspace       used 9028K, committed 9216K, reserved 1114112K
  class space    used 924K, committed 1024K, reserved 1048576K
GC Heap History (11 events):
Event: 1311.484 GC heap before
{Heap before GC invocations=0 (full 0):
 garbage-first heap   total 120832K, used 22528K [0x000000008a000000, 0x0000000100000000)
  region size 1024K, 23 young (23552K), 0 survivors (0K)
 Metaspace       used 8984K, committed 9152K, reserved 1114112K
  class space    used 923K, committed 1024K, reserved 1048576K
}
Event: 1311.510 GC heap after
{Heap after GC invocations=1 (full 0):
 garbage-first heap   total 120832K, used 8456K [0x000000008a000000, 0x0000000100000000)
  region size 1024K, 3 young (3072K), 3 survivors (3072K)
 Metaspace       used 8984K, committed 9152K, reserved 1114112K
  class space    used 923K, committed 1024K, reserved 1048576K
}
Event: 1311.821 GC heap before
{Heap before GC invocations=1 (full 0):
 garbage-first heap   total 120832K, used 36104K [0x000000008a000000, 0x0000000100000000)
  region size 1024K, 19 young (19456K), 3 survivors (3072K)
 Metaspace       used 9026K, committed 9216K, reserved 1114112K
  class space    used 923K, committed 1024K, reserved 1048576K
}
Event: 1311.832 GC heap after
{Heap after GC invocations=2 (full 0):
 garbage-first heap   total 120832K, used 36596K [0x000000008a000000, 0x0000000100000000)
  region size 1024K, 3 young (3072K), 3 survivors (3072K)
 Metaspace       used 9026K, committed 9216K, reserved 1114112K
  class space    used 923K, committed 1024K, reserved 1048576K
}
Event: 1311.871 GC heap before
{Heap before GC invocations=2 (full 0):
 garbage-first heap   total 120832K, used 61172K [0x000000008a000000, 0x0000000100000000)
  region size 1024K, 28 young (28672K), 3 survivors (3072K)
 Metaspace       used 9026K, committed 9216K, reserved 1114112K
  class space    used 923K, committed 1024K, reserved 1048576K
}
Event: 1311.896 GC heap after
{Heap after GC invocations=3 (full 0):
 garbage-first heap   total 120832K, used 62505K [0x000000008a000000, 0x0000000100000000)
  region size 1024K, 4 young (4096K), 4 survivors (4096K)
 Metaspace       used 9026K, committed 9216K, reserved 1114112K
  class space    used 923K, committed 1024K, reserved 1048576K
}
Event: 1311.908 GC heap before
{Heap before GC invocations=3 (full 0):
 garbage-first heap   total 120832K, used 75817K [0x000000008a000000, 0x0000000100000000)
  region size 1024K, 18 young (18432K), 4 survivors (4096K)
 Metaspace       used 9026K, committed 9216K, reserved 1114112K
  class space    used 923K, committed 1024K, reserved 1048576K
}
Event: 1312.001 GC heap after
{Heap after GC invocations=4 (full 0):
 garbage-first heap   total 120832K, used 77431K [0x000000008a000000, 0x0000000100000000)
  region size 1024K, 3 young (3072K), 3 survivors (3072K)
 Metaspace       used 9026K, committed 9216K, reserved 1114112K
  class space    used 923K, committed 1024K, reserved 1048576K
}
Event: 1312.015 GC heap before
{Heap before GC invocations=4 (full 0):
 garbage-first heap   total 120832K, used 85623K [0x000000008a000000, 0x0000000100000000)
  region size 1024K, 12 young (12288K), 3 survivors (3072K)
 Metaspace       used 9026K, committed 9216K, reserved 1114112K
  class space    used 923K, committed 1024K, reserved 1048576K
}
Event: 1312.140 GC heap after
{Heap after GC invocations=5 (full 0):
 garbage-first heap   total 120832K, used 86822K [0x000000008a000000, 0x0000000100000000)
  region size 1024K, 2 young (2048K), 2 survivors (2048K)
 Metaspace       used 9026K, committed 9216K, reserved 1114112K
  class space    used 923K, committed 1024K, reserved 1048576K
}
Event: 1312.185 GC heap before
{Heap before GC invocations=5 (full 0):
 garbage-first heap   total 120832K, used 91942K [0x000000008a000000, 0x0000000100000000)
  region size 1024K, 8 young (8192K), 2 survivors (2048K)
 Metaspace       used 9028K, committed 9216K, reserved 1114112K
  class space    used 924K, committed 1024K, reserved 1048576K
}

